running develop
running egg_info
creating sdk_exec.egg-info
writing sdk_exec.egg-info/PKG-INFO
writing dependency_links to sdk_exec.egg-info/dependency_links.txt
writing entry points to sdk_exec.egg-info/entry_points.txt
writing requirements to sdk_exec.egg-info/requires.txt
writing top-level names to sdk_exec.egg-info/top_level.txt
writing manifest file 'sdk_exec.egg-info/SOURCES.txt'
reading manifest file 'sdk_exec.egg-info/SOURCES.txt'
writing manifest file 'sdk_exec.egg-info/SOURCES.txt'
running build_ext
Creating /workspace/src/install/sdk_exec/lib/python3.10/site-packages/sdk-exec.egg-link (link to .)
Installing sdk_light script to /workspace/src/install/sdk_exec/lib/sdk_exec

Installed /workspace/src/build/sdk_exec
running symlink_data
creating /workspace/src/install/sdk_exec/share/ament_index
creating /workspace/src/install/sdk_exec/share/ament_index/resource_index
creating /workspace/src/install/sdk_exec/share/ament_index/resource_index/packages
symbolically linking /workspace/src/build/sdk_exec/resource/sdk_exec -> /workspace/src/install/sdk_exec/share/ament_index/resource_index/packages
symbolically linking /workspace/src/build/sdk_exec/package.xml -> /workspace/src/install/sdk_exec/share/sdk_exec
